<?xml version="1.0" encoding="UTF-8"?>
<!-- Generated by org.testng.reporters.JUnitReportReporter -->
<testsuite hostname="UGKP" failures="0" tests="1" name="TestCases.loginVerify" time="1.482" errors="0" timestamp="2022-08-11T17:50:40 IST" skipped="0">
  <testcase classname="TestCases.loginVerify" name="loginTest" time="1.482"/>
  <system-out/>
</testsuite> <!-- TestCases.loginVerify -->
