<?xml version="1.0" encoding="UTF-8"?>
<!-- Generated by org.testng.reporters.JUnitReportReporter -->
<testsuite hostname="UGKP" failures="0" tests="1" name="TestCases.logoutVerify" time="3.041" errors="0" timestamp="2022-08-11T17:50:40 IST" skipped="0">
  <testcase classname="TestCases.logoutVerify" name="logoutTest" time="3.041"/>
  <system-out/>
</testsuite> <!-- TestCases.logoutVerify -->
